[debug] [2018-04-12T21:12:00.418Z] ----------------------------------------------------------------------
[debug] [2018-04-12T21:12:00.420Z] Command:       /home/tjmonsi/.nvm/versions/node/v8.9.0/bin/node /home/tjmonsi/.nvm/versions/node/v8.9.0/bin/firebase deploy --only hosting
[debug] [2018-04-12T21:12:00.420Z] CLI Version:   3.17.4
[debug] [2018-04-12T21:12:00.421Z] Platform:      linux
[debug] [2018-04-12T21:12:00.421Z] Node Version:  v8.9.0
[debug] [2018-04-12T21:12:00.421Z] Time:          Fri Apr 13 2018 05:12:00 GMT+0800 (+08)
[debug] [2018-04-12T21:12:00.421Z] ----------------------------------------------------------------------
[debug] 
[debug] [2018-04-12T21:12:00.492Z] > command requires scopes: ["email","openid","https://www.googleapis.com/auth/cloudplatformprojects.readonly","https://www.googleapis.com/auth/firebase","https://www.googleapis.com/auth/cloud-platform"]
[debug] [2018-04-12T21:12:00.492Z] > authorizing via signed-in user
[debug] [2018-04-12T21:12:00.494Z] > refreshing access token with scopes: ["email","https://www.googleapis.com/auth/cloud-platform","https://www.googleapis.com/auth/cloudplatformprojects.readonly","https://www.googleapis.com/auth/firebase","openid"]
[debug] [2018-04-12T21:12:00.494Z] >>> HTTP REQUEST POST https://www.googleapis.com/oauth2/v3/token  
 { refresh_token: '1/ReQpaEWOVSqVvNThy_C9mCD_URIr7xwr1Aonh15qm2Y',
  client_id: '563584335869-fgrhgmd47bqnekij5i8b5pr03ho849e6.apps.googleusercontent.com',
  client_secret: 'j9iVZfS8kkCEFUPaAeJV0sAi',
  grant_type: 'refresh_token',
  scope: 'email https://www.googleapis.com/auth/cloud-platform https://www.googleapis.com/auth/cloudplatformprojects.readonly https://www.googleapis.com/auth/firebase openid' } 
 Fri Apr 13 2018 05:12:00 GMT+0800 (+08)
[debug] [2018-04-12T21:12:01.703Z] <<< HTTP RESPONSE 200
[debug] [2018-04-12T21:12:01.713Z] >>> HTTP REQUEST GET https://admin.firebase.com/v1/projects/chi-conference-data  
  
 Fri Apr 13 2018 05:12:01 GMT+0800 (+08)
